# JRE version: OpenJDK Runtime Environment Microsoft-11369865 (17.0.15+6) (build 17.0.15+6-LTS)
# Java VM: OpenJDK 64-Bit Server VM Microsoft-11369865 (17.0.15+6-LTS, mixed mode, sharing, tiered, compressed oops, compressed class ptrs, g1 gc, windows-amd64)
GC Precious Log:
 CPUs: 8 total, 8 available
 Memory: 3808M
 Large Page Support: Disabled
 NUMA Support: Disabled
 Compressed Oops: Enabled (32-bit)
 Heap Region Size: 1M
 Heap Min Capacity: 8M
 Heap Initial Capacity: 60M
 Heap Max Capacity: 954M
 Pre-touch: Disabled
 Parallel Workers: 8
 Concurrent Workers: 2
 Concurrent Refinement Workers: 8
 Periodic GC: Disabled
Heap:
 garbage-first heap   total 66560K, used 42641K [0x00000000c4600000, 0x0000000100000000)
  region size 1024K, 19 young (19456K), 2 survivors (2048K)
 Metaspace       used 66590K, committed 67200K, reserved 1114112K
  class space    used 9079K, committed 9344K, reserved 1048576K
GC Heap History (20 events):
Event: 3.984 GC heap before
{Heap before GC invocations=2 (full 0):
 garbage-first heap   total 61440K, used 32926K [0x00000000c4600000, 0x0000000100000000)
  region size 1024K, 26 young (26624K), 3 survivors (3072K)
 Metaspace       used 17684K, committed 18048K, reserved 1114112K
  class space    used 2215K, committed 2368K, reserved 1048576K
}
Event: 3.990 GC heap after
{Heap after GC invocations=3 (full 0):
 garbage-first heap   total 61440K, used 12786K [0x00000000c4600000, 0x0000000100000000)
  region size 1024K, 3 young (3072K), 3 survivors (3072K)
 Metaspace       used 17684K, committed 18048K, reserved 1114112K
  class space    used 2215K, committed 2368K, reserved 1048576K
}
Event: 4.713 GC heap before
{Heap before GC invocations=3 (full 0):
 garbage-first heap   total 61440K, used 38386K [0x00000000c4600000, 0x0000000100000000)
  region size 1024K, 28 young (28672K), 3 survivors (3072K)
 Metaspace       used 20877K, committed 21184K, reserved 1114112K
  class space    used 2614K, committed 2752K, reserved 1048576K
}
Event: 4.719 GC heap after
{Heap after GC invocations=4 (full 0):
 garbage-first heap   total 61440K, used 14336K [0x00000000c4600000, 0x0000000100000000)
  region size 1024K, 2 young (2048K), 2 survivors (2048K)
 Metaspace       used 20877K, committed 21184K, reserved 1114112K
  class space    used 2614K, committed 2752K, reserved 1048576K
}
Event: 4.762 GC heap before
{Heap before GC invocations=4 (full 0):
 garbage-first heap   total 61440K, used 15360K [0x00000000c4600000, 0x0000000100000000)
  region size 1024K, 4 young (4096K), 2 survivors (2048K)
 Metaspace       used 21225K, committed 21504K, reserved 1114112K
  class space    used 2656K, committed 2816K, reserved 1048576K
}
Event: 4.766 GC heap after
{Heap after GC invocations=5 (full 0):
 garbage-first heap   total 61440K, used 14538K [0x00000000c4600000, 0x0000000100000000)
  region size 1024K, 3 young (3072K), 3 survivors (3072K)
 Metaspace       used 21225K, committed 21504K, reserved 1114112K
  class space    used 2656K, committed 2816K, reserved 1048576K
}
Event: 5.688 GC heap before
{Heap before GC invocations=6 (full 0):
 garbage-first heap   total 55296K, used 43210K [0x00000000c4600000, 0x0000000100000000)
  region size 1024K, 31 young (31744K), 3 survivors (3072K)
 Metaspace       used 26723K, committed 27136K, reserved 1114112K
  class space    used 3428K, committed 3584K, reserved 1048576K
}
Event: 5.701 GC heap after
{Heap after GC invocations=7 (full 0):
 garbage-first heap   total 55296K, used 17488K [0x00000000c4600000, 0x0000000100000000)
  region size 1024K, 4 young (4096K), 4 survivors (4096K)
 Metaspace       used 26723K, committed 27136K, reserved 1114112K
  class space    used 3428K, committed 3584K, reserved 1048576K
}
Event: 6.779 GC heap before
{Heap before GC invocations=7 (full 0):
 garbage-first heap   total 55296K, used 37968K [0x00000000c4600000, 0x0000000100000000)
  region size 1024K, 25 young (25600K), 4 survivors (4096K)
 Metaspace       used 31696K, committed 32192K, reserved 1114112K
  class space    used 4109K, committed 4352K, reserved 1048576K
}
Event: 6.783 GC heap after
{Heap after GC invocations=8 (full 0):
 garbage-first heap   total 66560K, used 19207K [0x00000000c4600000, 0x0000000100000000)
  region size 1024K, 2 young (2048K), 2 survivors (2048K)
 Metaspace       used 31696K, committed 32192K, reserved 1114112K
  class space    used 4109K, committed 4352K, reserved 1048576K
}
Event: 7.705 GC heap before
{Heap before GC invocations=8 (full 0):
 garbage-first heap   total 66560K, used 35591K [0x00000000c4600000, 0x0000000100000000)
  region size 1024K, 19 young (19456K), 2 survivors (2048K)
 Metaspace       used 35705K, committed 36096K, reserved 1114112K
  class space    used 4797K, committed 4992K, reserved 1048576K
}
Event: 7.708 GC heap after
{Heap after GC invocations=9 (full 0):
 garbage-first heap   total 66560K, used 19720K [0x00000000c4600000, 0x0000000100000000)
  region size 1024K, 3 young (3072K), 3 survivors (3072K)
 Metaspace       used 35705K, committed 36096K, reserved 1114112K
  class space    used 4797K, committed 4992K, reserved 1048576K
}
Event: 11.434 GC heap before
{Heap before GC invocations=10 (full 0):
 garbage-first heap   total 66560K, used 50440K [0x00000000c4600000, 0x0000000100000000)
  region size 1024K, 33 young (33792K), 3 survivors (3072K)
 Metaspace       used 43974K, committed 44480K, reserved 1114112K
  class space    used 5837K, committed 6080K, reserved 1048576K
}
Event: 11.439 GC heap after
{Heap after GC invocations=11 (full 0):
 garbage-first heap   total 66560K, used 21656K [0x00000000c4600000, 0x0000000100000000)
  region size 1024K, 5 young (5120K), 5 survivors (5120K)
 Metaspace       used 43974K, committed 44480K, reserved 1114112K
  class space    used 5837K, committed 6080K, reserved 1048576K
}
Event: 12.851 GC heap before
{Heap before GC invocations=11 (full 0):
 garbage-first heap   total 66560K, used 49304K [0x00000000c4600000, 0x0000000100000000)
  region size 1024K, 33 young (33792K), 5 survivors (5120K)
 Metaspace       used 52061K, committed 52544K, reserved 1114112K
  class space    used 7185K, committed 7424K, reserved 1048576K
}
Event: 12.858 GC heap after
{Heap after GC invocations=12 (full 0):
 garbage-first heap   total 66560K, used 23084K [0x00000000c4600000, 0x0000000100000000)
  region size 1024K, 4 young (4096K), 4 survivors (4096K)
 Metaspace       used 52061K, committed 52544K, reserved 1114112K
  class space    used 7185K, committed 7424K, reserved 1048576K
}
Event: 14.014 GC heap before
{Heap before GC invocations=12 (full 0):
 garbage-first heap   total 66560K, used 50732K [0x00000000c4600000, 0x0000000100000000)
  region size 1024K, 31 young (31744K), 4 survivors (4096K)
 Metaspace       used 57517K, committed 57984K, reserved 1114112K
  class space    used 7901K, committed 8128K, reserved 1048576K
}
Event: 14.019 GC heap after
{Heap after GC invocations=13 (full 0):
 garbage-first heap   total 66560K, used 25709K [0x00000000c4600000, 0x0000000100000000)
  region size 1024K, 4 young (4096K), 4 survivors (4096K)
 Metaspace       used 57517K, committed 57984K, reserved 1114112K
  class space    used 7901K, committed 8128K, reserved 1048576K
}
Event: 14.528 GC heap before
{Heap before GC invocations=13 (full 0):
 garbage-first heap   total 66560K, used 42093K [0x00000000c4600000, 0x0000000100000000)
  region size 1024K, 21 young (21504K), 4 survivors (4096K)
 Metaspace       used 59759K, committed 60288K, reserved 1114112K
  class space    used 8204K, committed 8448K, reserved 1048576K
}
Event: 14.534 GC heap after
{Heap after GC invocations=14 (full 0):
 garbage-first heap   total 66560K, used 27281K [0x00000000c4600000, 0x0000000100000000)
  region size 1024K, 2 young (2048K), 2 survivors (2048K)
 Metaspace       used 59759K, committed 60288K, reserved 1114112K
  class space    used 8204K, committed 8448K, reserved 1048576K
}

