# JRE version: OpenJDK Runtime Environment Microsoft-11369865 (17.0.15+6) (build 17.0.15+6-LTS)
# Java VM: OpenJDK 64-Bit Server VM Microsoft-11369865 (17.0.15+6-LTS, mixed mode, sharing, tiered, compressed oops, compressed class ptrs, g1 gc, windows-amd64)
GC Precious Log:
 CPUs: 8 total, 8 available
 Memory: 3808M
 Large Page Support: Disabled
 NUMA Support: Disabled
 Compressed Oops: Enabled (32-bit)
 Heap Region Size: 1M
 Heap Min Capacity: 8M
 Heap Initial Capacity: 60M
 Heap Max Capacity: 954M
 Pre-touch: Disabled
 Parallel Workers: 8
 Concurrent Workers: 2
 Concurrent Refinement Workers: 8
 Periodic GC: Disabled
Heap:
 garbage-first heap   total 55296K, used 37925K [0x00000000c4600000, 0x0000000100000000)
  region size 1024K, 12 young (12288K), 3 survivors (3072K)
 Metaspace       used 67912K, committed 68544K, reserved 1114112K
  class space    used 9228K, committed 9536K, reserved 1048576K
GC Heap History (20 events):
Event: 5.042 GC heap before
{Heap before GC invocations=6 (full 0):
 garbage-first heap   total 55296K, used 43082K [0x00000000c4600000, 0x0000000100000000)
  region size 1024K, 32 young (32768K), 3 survivors (3072K)
 Metaspace       used 27060K, committed 27456K, reserved 1114112K
  class space    used 3473K, committed 3648K, reserved 1048576K
}
Event: 5.049 GC heap after
{Heap after GC invocations=7 (full 0):
 garbage-first heap   total 55296K, used 17278K [0x00000000c4600000, 0x0000000100000000)
  region size 1024K, 4 young (4096K), 4 survivors (4096K)
 Metaspace       used 27060K, committed 27456K, reserved 1114112K
  class space    used 3473K, committed 3648K, reserved 1048576K
}
Event: 5.764 GC heap before
{Heap before GC invocations=7 (full 0):
 garbage-first heap   total 55296K, used 39806K [0x00000000c4600000, 0x0000000100000000)
  region size 1024K, 26 young (26624K), 4 survivors (4096K)
 Metaspace       used 32288K, committed 32704K, reserved 1114112K
  class space    used 4228K, committed 4416K, reserved 1048576K
}
Event: 5.770 GC heap after
{Heap after GC invocations=8 (full 0):
 garbage-first heap   total 55296K, used 19190K [0x00000000c4600000, 0x0000000100000000)
  region size 1024K, 2 young (2048K), 2 survivors (2048K)
 Metaspace       used 32288K, committed 32704K, reserved 1114112K
  class space    used 4228K, committed 4416K, reserved 1048576K
}
Event: 6.125 GC heap before
{Heap before GC invocations=8 (full 0):
 garbage-first heap   total 55296K, used 32502K [0x00000000c4600000, 0x0000000100000000)
  region size 1024K, 17 young (17408K), 2 survivors (2048K)
 Metaspace       used 35549K, committed 35968K, reserved 1114112K
  class space    used 4775K, committed 4992K, reserved 1048576K
}
Event: 6.128 GC heap after
{Heap after GC invocations=9 (full 0):
 garbage-first heap   total 55296K, used 20129K [0x00000000c4600000, 0x0000000100000000)
  region size 1024K, 1 young (1024K), 1 survivors (1024K)
 Metaspace       used 35549K, committed 35968K, reserved 1114112K
  class space    used 4775K, committed 4992K, reserved 1048576K
}
Event: 7.278 GC heap before
{Heap before GC invocations=10 (full 0):
 garbage-first heap   total 55296K, used 41633K [0x00000000c4600000, 0x0000000100000000)
  region size 1024K, 23 young (23552K), 1 survivors (1024K)
 Metaspace       used 42063K, committed 42560K, reserved 1114112K
  class space    used 5624K, committed 5888K, reserved 1048576K
}
Event: 7.282 GC heap after
{Heap after GC invocations=11 (full 0):
 garbage-first heap   total 55296K, used 21219K [0x00000000c4600000, 0x0000000100000000)
  region size 1024K, 2 young (2048K), 2 survivors (2048K)
 Metaspace       used 42063K, committed 42560K, reserved 1114112K
  class space    used 5624K, committed 5888K, reserved 1048576K
}
Event: 8.078 GC heap before
{Heap before GC invocations=11 (full 0):
 garbage-first heap   total 55296K, used 41699K [0x00000000c4600000, 0x0000000100000000)
  region size 1024K, 23 young (23552K), 2 survivors (2048K)
 Metaspace       used 48136K, committed 48576K, reserved 1114112K
  class space    used 6513K, committed 6720K, reserved 1048576K
}
Event: 8.081 GC heap after
{Heap after GC invocations=12 (full 0):
 garbage-first heap   total 55296K, used 22401K [0x00000000c4600000, 0x0000000100000000)
  region size 1024K, 3 young (3072K), 3 survivors (3072K)
 Metaspace       used 48136K, committed 48576K, reserved 1114112K
  class space    used 6513K, committed 6720K, reserved 1048576K
}
Event: 9.419 GC heap before
{Heap before GC invocations=12 (full 0):
 garbage-first heap   total 55296K, used 41857K [0x00000000c4600000, 0x0000000100000000)
  region size 1024K, 23 young (23552K), 3 survivors (3072K)
 Metaspace       used 53040K, committed 53504K, reserved 1114112K
  class space    used 7319K, committed 7552K, reserved 1048576K
}
Event: 9.422 GC heap after
{Heap after GC invocations=13 (full 0):
 garbage-first heap   total 55296K, used 23469K [0x00000000c4600000, 0x0000000100000000)
  region size 1024K, 3 young (3072K), 3 survivors (3072K)
 Metaspace       used 53040K, committed 53504K, reserved 1114112K
  class space    used 7319K, committed 7552K, reserved 1048576K
}
Event: 9.891 GC heap before
{Heap before GC invocations=13 (full 0):
 garbage-first heap   total 55296K, used 42925K [0x00000000c4600000, 0x0000000100000000)
  region size 1024K, 22 young (22528K), 3 survivors (3072K)
 Metaspace       used 56898K, committed 57408K, reserved 1114112K
  class space    used 7824K, committed 8064K, reserved 1048576K
}
Event: 9.896 GC heap after
{Heap after GC invocations=14 (full 0):
 garbage-first heap   total 55296K, used 25328K [0x00000000c4600000, 0x0000000100000000)
  region size 1024K, 3 young (3072K), 3 survivors (3072K)
 Metaspace       used 56898K, committed 57408K, reserved 1114112K
  class space    used 7824K, committed 8064K, reserved 1048576K
}
Event: 10.322 GC heap before
{Heap before GC invocations=14 (full 0):
 garbage-first heap   total 55296K, used 43760K [0x00000000c4600000, 0x0000000100000000)
  region size 1024K, 21 young (21504K), 3 survivors (3072K)
 Metaspace       used 59478K, committed 59968K, reserved 1114112K
  class space    used 8178K, committed 8384K, reserved 1048576K
}
Event: 10.327 GC heap after
{Heap after GC invocations=15 (full 0):
 garbage-first heap   total 55296K, used 27599K [0x00000000c4600000, 0x0000000100000000)
  region size 1024K, 3 young (3072K), 3 survivors (3072K)
 Metaspace       used 59478K, committed 59968K, reserved 1114112K
  class space    used 8178K, committed 8384K, reserved 1048576K
}
Event: 10.341 GC heap before
{Heap before GC invocations=15 (full 0):
 garbage-first heap   total 55296K, used 27599K [0x00000000c4600000, 0x0000000100000000)
  region size 1024K, 4 young (4096K), 3 survivors (3072K)
 Metaspace       used 59644K, committed 60160K, reserved 1114112K
  class space    used 8199K, committed 8448K, reserved 1048576K
}
Event: 10.343 GC heap after
{Heap after GC invocations=16 (full 0):
 garbage-first heap   total 55296K, used 27837K [0x00000000c4600000, 0x0000000100000000)
  region size 1024K, 1 young (1024K), 1 survivors (1024K)
 Metaspace       used 59644K, committed 60160K, reserved 1114112K
  class space    used 8199K, committed 8448K, reserved 1048576K
}
Event: 53.999 GC heap before
{Heap before GC invocations=17 (full 0):
 garbage-first heap   total 55296K, used 43197K [0x00000000c4600000, 0x0000000100000000)
  region size 1024K, 17 young (17408K), 1 survivors (1024K)
 Metaspace       used 64882K, committed 65472K, reserved 1114112K
  class space    used 8862K, committed 9152K, reserved 1048576K
}
Event: 54.021 GC heap after
{Heap after GC invocations=18 (full 0):
 garbage-first heap   total 55296K, used 29733K [0x00000000c4600000, 0x0000000100000000)
  region size 1024K, 3 young (3072K), 3 survivors (3072K)
 Metaspace       used 64882K, committed 65472K, reserved 1114112K
  class space    used 8862K, committed 9152K, reserved 1048576K
}

